<?xml version="1.0" encoding="UTF-8"?>
<!-- Generated by org.testng.reporters.JUnitReportReporter -->
<testsuite hostname="beeafcabeefc305339378ebdafdffbcdbbebone-0" failures="0" tests="1" name="runner.Testcase3" time="15.578" errors="0" timestamp="2023-09-22T20:18:17 UTC" skipped="0">
  <testcase classname="runner.Testcase3" name="addtocart" time="15.578"/>
</testsuite> <!-- runner.Testcase3 -->
