<?xml version="1.0" encoding="UTF-8"?>
<!-- Generated by org.testng.reporters.JUnitReportReporter -->
<testsuite hostname="seleniuminstance2-0" failures="0" tests="1" name="runner.Testcase3" time="26.303" errors="0" timestamp="2023-09-22T13:24:25 UTC" skipped="0">
  <testcase classname="runner.Testcase3" name="addtocart" time="26.303"/>
</testsuite> <!-- runner.Testcase3 -->
