<?xml version="1.0" encoding="UTF-8"?>
<!-- Generated by org.testng.reporters.JUnitReportReporter -->
<testsuite hostname="beeafcabeefc305339378ebdafdffbcdbbebone-0" failures="0" tests="1" name="runner.Testcase1" time="5.130" errors="0" timestamp="2023-09-22T20:29:03 UTC" skipped="0">
  <testcase classname="runner.Testcase1" name="todaysDeal" time="5.130"/>
</testsuite> <!-- runner.Testcase1 -->
