<?xml version="1.0" encoding="UTF-8"?>
<!-- Generated by org.testng.reporters.JUnitReportReporter -->
<testsuite hostname="beeafcabeefc305339378ebdafdffbcdbbebone-0" failures="0" tests="1" name="runner.Testcase2" time="7.943" errors="0" timestamp="2023-09-22T20:34:47 UTC" skipped="0">
  <testcase classname="runner.Testcase2" name="SearchProduct" time="7.943"/>
</testsuite> <!-- runner.Testcase2 -->
