<?xml version="1.0" encoding="UTF-8"?>
<!-- Generated by org.testng.reporters.JUnitReportReporter -->
<testsuite hostname="beeafcabeefc305339378ebdafdffbcdbbebone-0" failures="0" tests="1" name="runner.Testcase1" time="10.998" errors="0" timestamp="2023-09-22T20:36:18 UTC" skipped="0">
  <testcase classname="runner.Testcase1" name="todaysDeal" time="10.998"/>
</testsuite> <!-- runner.Testcase1 -->
